0 info it worked if it ends with ok
1 verbose cli [ '/home/ubuntu/.nvm/v0.10.35/bin/node',
1 verbose cli   '/home/ubuntu/.nvm/v0.10.35/bin/npm',
1 verbose cli   'install' ]
2 info using npm@1.4.28
3 info using node@v0.10.35
4 warn package.json workspace@1.0.0 No repository field.
5 verbose readDependencies using package.json deps
6 verbose install where, deps [ '/home/ubuntu/workspace',
6 verbose install   [ 'angular-route',
6 verbose install     'express',
6 verbose install     'jade',
6 verbose install     'mongoose',
6 verbose install     'node',
6 verbose install     'nodemon',
6 verbose install     'stylus',
6 verbose install     'jquery',
6 verbose install     'toastr',
6 verbose install     'angular',
6 verbose install     'angular-resource',
6 verbose install     'bootstrap',
6 verbose install     'angular-mocks' ] ]
7 info preinstall workspace@1.0.0
8 warn package.json node@0.0.0 No description
9 warn package.json node@0.0.0 No repository field.
10 warn package.json node@0.0.0 No README data
11 verbose readDependencies using package.json deps
12 verbose already installed skipping express@^4.12.2 /home/ubuntu/workspace
13 verbose already installed skipping jade@^1.9.2 /home/ubuntu/workspace
14 verbose already installed skipping mongoose@^3.8.24 /home/ubuntu/workspace
15 verbose already installed skipping node@^0.0.0 /home/ubuntu/workspace
16 verbose already installed skipping nodemon@^1.3.7 /home/ubuntu/workspace
17 verbose already installed skipping stylus@^0.50.0 /home/ubuntu/workspace
18 verbose cache add [ 'jquery@~2.1.3', null ]
19 verbose cache add name=undefined spec="jquery@~2.1.3" args=["jquery@~2.1.3",null]
20 verbose parsed url { protocol: null,
20 verbose parsed url   slashes: null,
20 verbose parsed url   auth: null,
20 verbose parsed url   host: null,
20 verbose parsed url   port: null,
20 verbose parsed url   hostname: null,
20 verbose parsed url   hash: null,
20 verbose parsed url   search: null,
20 verbose parsed url   query: null,
20 verbose parsed url   pathname: 'jquery@~2.1.3',
20 verbose parsed url   path: 'jquery@~2.1.3',
20 verbose parsed url   href: 'jquery@~2.1.3' }
21 verbose cache add [ 'toastr@~2.1.0', null ]
22 verbose cache add name=undefined spec="toastr@~2.1.0" args=["toastr@~2.1.0",null]
23 verbose parsed url { protocol: null,
23 verbose parsed url   slashes: null,
23 verbose parsed url   auth: null,
23 verbose parsed url   host: null,
23 verbose parsed url   port: null,
23 verbose parsed url   hostname: null,
23 verbose parsed url   hash: null,
23 verbose parsed url   search: null,
23 verbose parsed url   query: null,
23 verbose parsed url   pathname: 'toastr@~2.1.0',
23 verbose parsed url   path: 'toastr@~2.1.0',
23 verbose parsed url   href: 'toastr@~2.1.0' }
24 verbose cache add [ 'angular@~1.3.13', null ]
25 verbose cache add name=undefined spec="angular@~1.3.13" args=["angular@~1.3.13",null]
26 verbose parsed url { protocol: null,
26 verbose parsed url   slashes: null,
26 verbose parsed url   auth: null,
26 verbose parsed url   host: null,
26 verbose parsed url   port: null,
26 verbose parsed url   hostname: null,
26 verbose parsed url   hash: null,
26 verbose parsed url   search: null,
26 verbose parsed url   query: null,
26 verbose parsed url   pathname: 'angular@~1.3.13',
26 verbose parsed url   path: 'angular@~1.3.13',
26 verbose parsed url   href: 'angular@~1.3.13' }
27 verbose cache add [ 'angular-resource@~1.3.13', null ]
28 verbose cache add name=undefined spec="angular-resource@~1.3.13" args=["angular-resource@~1.3.13",null]
29 verbose parsed url { protocol: null,
29 verbose parsed url   slashes: null,
29 verbose parsed url   auth: null,
29 verbose parsed url   host: null,
29 verbose parsed url   port: null,
29 verbose parsed url   hostname: null,
29 verbose parsed url   hash: null,
29 verbose parsed url   search: null,
29 verbose parsed url   query: null,
29 verbose parsed url   pathname: 'angular-resource@~1.3.13',
29 verbose parsed url   path: 'angular-resource@~1.3.13',
29 verbose parsed url   href: 'angular-resource@~1.3.13' }
30 verbose cache add name="jquery" spec="~2.1.3" args=["jquery","~2.1.3"]
31 verbose parsed url { protocol: null,
31 verbose parsed url   slashes: null,
31 verbose parsed url   auth: null,
31 verbose parsed url   host: null,
31 verbose parsed url   port: null,
31 verbose parsed url   hostname: null,
31 verbose parsed url   hash: null,
31 verbose parsed url   search: null,
31 verbose parsed url   query: null,
31 verbose parsed url   pathname: '~2.1.3',
31 verbose parsed url   path: '~2.1.3',
31 verbose parsed url   href: '~2.1.3' }
32 verbose addNamed [ 'jquery', '~2.1.3' ]
33 verbose addNamed [ null, '>=2.1.3-0 <2.2.0-0' ]
34 verbose cache add name="toastr" spec="~2.1.0" args=["toastr","~2.1.0"]
35 verbose parsed url { protocol: null,
35 verbose parsed url   slashes: null,
35 verbose parsed url   auth: null,
35 verbose parsed url   host: null,
35 verbose parsed url   port: null,
35 verbose parsed url   hostname: null,
35 verbose parsed url   hash: null,
35 verbose parsed url   search: null,
35 verbose parsed url   query: null,
35 verbose parsed url   pathname: '~2.1.0',
35 verbose parsed url   path: '~2.1.0',
35 verbose parsed url   href: '~2.1.0' }
36 verbose addNamed [ 'toastr', '~2.1.0' ]
37 verbose addNamed [ null, '>=2.1.0-0 <2.2.0-0' ]
38 verbose cache add name="angular" spec="~1.3.13" args=["angular","~1.3.13"]
39 verbose parsed url { protocol: null,
39 verbose parsed url   slashes: null,
39 verbose parsed url   auth: null,
39 verbose parsed url   host: null,
39 verbose parsed url   port: null,
39 verbose parsed url   hostname: null,
39 verbose parsed url   hash: null,
39 verbose parsed url   search: null,
39 verbose parsed url   query: null,
39 verbose parsed url   pathname: '~1.3.13',
39 verbose parsed url   path: '~1.3.13',
39 verbose parsed url   href: '~1.3.13' }
40 verbose addNamed [ 'angular', '~1.3.13' ]
41 verbose addNamed [ null, '>=1.3.13-0 <1.4.0-0' ]
42 verbose cache add [ 'bootstrap@~3.3.2', null ]
43 verbose cache add name=undefined spec="bootstrap@~3.3.2" args=["bootstrap@~3.3.2",null]
44 verbose parsed url { protocol: null,
44 verbose parsed url   slashes: null,
44 verbose parsed url   auth: null,
44 verbose parsed url   host: null,
44 verbose parsed url   port: null,
44 verbose parsed url   hostname: null,
44 verbose parsed url   hash: null,
44 verbose parsed url   search: null,
44 verbose parsed url   query: null,
44 verbose parsed url   pathname: 'bootstrap@~3.3.2',
44 verbose parsed url   path: 'bootstrap@~3.3.2',
44 verbose parsed url   href: 'bootstrap@~3.3.2' }
45 verbose cache add [ 'angular-mocks@~1.3.13', null ]
46 verbose cache add name=undefined spec="angular-mocks@~1.3.13" args=["angular-mocks@~1.3.13",null]
47 verbose parsed url { protocol: null,
47 verbose parsed url   slashes: null,
47 verbose parsed url   auth: null,
47 verbose parsed url   host: null,
47 verbose parsed url   port: null,
47 verbose parsed url   hostname: null,
47 verbose parsed url   hash: null,
47 verbose parsed url   search: null,
47 verbose parsed url   query: null,
47 verbose parsed url   pathname: 'angular-mocks@~1.3.13',
47 verbose parsed url   path: 'angular-mocks@~1.3.13',
47 verbose parsed url   href: 'angular-mocks@~1.3.13' }
48 verbose already installed skipping angular-route@^1.3.14 /home/ubuntu/workspace
49 verbose cache add name="angular-resource" spec="~1.3.13" args=["angular-resource","~1.3.13"]
50 verbose parsed url { protocol: null,
50 verbose parsed url   slashes: null,
50 verbose parsed url   auth: null,
50 verbose parsed url   host: null,
50 verbose parsed url   port: null,
50 verbose parsed url   hostname: null,
50 verbose parsed url   hash: null,
50 verbose parsed url   search: null,
50 verbose parsed url   query: null,
50 verbose parsed url   pathname: '~1.3.13',
50 verbose parsed url   path: '~1.3.13',
50 verbose parsed url   href: '~1.3.13' }
51 verbose addNamed [ 'angular-resource', '~1.3.13' ]
52 verbose addNamed [ null, '>=1.3.13-0 <1.4.0-0' ]
53 silly lockFile f08518d6-jquery-2-1-3 jquery@~2.1.3
54 verbose lock jquery@~2.1.3 /home/ubuntu/.npm/f08518d6-jquery-2-1-3.lock
55 silly lockFile d4b3b7a9-toastr-2-1-0 toastr@~2.1.0
56 verbose lock toastr@~2.1.0 /home/ubuntu/.npm/d4b3b7a9-toastr-2-1-0.lock
57 silly lockFile cc1c0fc9-angular-1-3-13 angular@~1.3.13
58 verbose lock angular@~1.3.13 /home/ubuntu/.npm/cc1c0fc9-angular-1-3-13.lock
59 silly lockFile 4c90c41c-angular-resource-1-3-13 angular-resource@~1.3.13
60 verbose lock angular-resource@~1.3.13 /home/ubuntu/.npm/4c90c41c-angular-resource-1-3-13.lock
61 verbose cache add name="bootstrap" spec="~3.3.2" args=["bootstrap","~3.3.2"]
62 verbose parsed url { protocol: null,
62 verbose parsed url   slashes: null,
62 verbose parsed url   auth: null,
62 verbose parsed url   host: null,
62 verbose parsed url   port: null,
62 verbose parsed url   hostname: null,
62 verbose parsed url   hash: null,
62 verbose parsed url   search: null,
62 verbose parsed url   query: null,
62 verbose parsed url   pathname: '~3.3.2',
62 verbose parsed url   path: '~3.3.2',
62 verbose parsed url   href: '~3.3.2' }
63 verbose addNamed [ 'bootstrap', '~3.3.2' ]
64 verbose addNamed [ null, '>=3.3.2-0 <3.4.0-0' ]
65 silly lockFile 58160a71-bootstrap-3-3-2 bootstrap@~3.3.2
66 verbose lock bootstrap@~3.3.2 /home/ubuntu/.npm/58160a71-bootstrap-3-3-2.lock
67 verbose cache add name="angular-mocks" spec="~1.3.13" args=["angular-mocks","~1.3.13"]
68 verbose parsed url { protocol: null,
68 verbose parsed url   slashes: null,
68 verbose parsed url   auth: null,
68 verbose parsed url   host: null,
68 verbose parsed url   port: null,
68 verbose parsed url   hostname: null,
68 verbose parsed url   hash: null,
68 verbose parsed url   search: null,
68 verbose parsed url   query: null,
68 verbose parsed url   pathname: '~1.3.13',
68 verbose parsed url   path: '~1.3.13',
68 verbose parsed url   href: '~1.3.13' }
69 verbose addNamed [ 'angular-mocks', '~1.3.13' ]
70 verbose addNamed [ null, '>=1.3.13-0 <1.4.0-0' ]
71 silly lockFile a3435abe-angular-mocks-1-3-13 angular-mocks@~1.3.13
72 verbose lock angular-mocks@~1.3.13 /home/ubuntu/.npm/a3435abe-angular-mocks-1-3-13.lock
73 silly addNameRange { name: 'jquery', range: '>=2.1.3-0 <2.2.0-0', hasData: false }
74 silly addNameRange { name: 'toastr', range: '>=2.1.0-0 <2.2.0-0', hasData: false }
75 silly addNameRange { name: 'angular', range: '>=1.3.13-0 <1.4.0-0', hasData: false }
76 silly addNameRange { name: 'angular-resource',
76 silly addNameRange   range: '>=1.3.13-0 <1.4.0-0',
76 silly addNameRange   hasData: false }
77 silly addNameRange { name: 'bootstrap',
77 silly addNameRange   range: '>=3.3.2-0 <3.4.0-0',
77 silly addNameRange   hasData: false }
78 silly addNameRange { name: 'angular-mocks',
78 silly addNameRange   range: '>=1.3.13-0 <1.4.0-0',
78 silly addNameRange   hasData: false }
79 verbose request where is /toastr
80 verbose request registry https://registry.npmjs.org/
81 verbose request id 8015062bc063b679
82 verbose url raw /toastr
83 verbose url resolving [ 'https://registry.npmjs.org/', './toastr' ]
84 verbose url resolved https://registry.npmjs.org/toastr
85 verbose request where is https://registry.npmjs.org/toastr
86 info trying registry request attempt 1 at 13:32:52
87 http GET https://registry.npmjs.org/toastr
88 verbose request where is /angular-resource
89 verbose request registry https://registry.npmjs.org/
90 verbose url raw /angular-resource
91 verbose url resolving [ 'https://registry.npmjs.org/', './angular-resource' ]
92 verbose url resolved https://registry.npmjs.org/angular-resource
93 verbose request where is https://registry.npmjs.org/angular-resource
94 info trying registry request attempt 1 at 13:32:52
95 http GET https://registry.npmjs.org/angular-resource
96 verbose request where is /angular-mocks
97 verbose request registry https://registry.npmjs.org/
98 verbose url raw /angular-mocks
99 verbose url resolving [ 'https://registry.npmjs.org/', './angular-mocks' ]
100 verbose url resolved https://registry.npmjs.org/angular-mocks
101 verbose request where is https://registry.npmjs.org/angular-mocks
102 info trying registry request attempt 1 at 13:32:52
103 http GET https://registry.npmjs.org/angular-mocks
104 verbose request where is /bootstrap
105 verbose request registry https://registry.npmjs.org/
106 verbose url raw /bootstrap
107 verbose url resolving [ 'https://registry.npmjs.org/', './bootstrap' ]
108 verbose url resolved https://registry.npmjs.org/bootstrap
109 verbose request where is https://registry.npmjs.org/bootstrap
110 info trying registry request attempt 1 at 13:32:52
111 verbose etag "JW8KVJF8AT11RONXLRVA7HYT"
112 http GET https://registry.npmjs.org/bootstrap
113 verbose request where is /angular
114 verbose request registry https://registry.npmjs.org/
115 verbose url raw /angular
116 verbose url resolving [ 'https://registry.npmjs.org/', './angular' ]
117 verbose url resolved https://registry.npmjs.org/angular
118 verbose request where is https://registry.npmjs.org/angular
119 info trying registry request attempt 1 at 13:32:52
120 verbose etag "773V8YCRQOV02AEYMJMUAKDPX"
121 http GET https://registry.npmjs.org/angular
122 verbose request where is /jquery
123 verbose request registry https://registry.npmjs.org/
124 verbose url raw /jquery
125 verbose url resolving [ 'https://registry.npmjs.org/', './jquery' ]
126 verbose url resolved https://registry.npmjs.org/jquery
127 verbose request where is https://registry.npmjs.org/jquery
128 info trying registry request attempt 1 at 13:32:52
129 verbose etag "1STE3SAY1I7CBO2ZROHJD5N3"
130 http GET https://registry.npmjs.org/jquery
131 http 200 https://registry.npmjs.org/angular-mocks
132 silly registry.get cb [ 200,
132 silly registry.get   { date: 'Wed, 11 Mar 2015 13:32:52 GMT',
132 silly registry.get     server: 'CouchDB/1.6.1 (Erlang OTP/R14B04)',
132 silly registry.get     etag: '"9DDQFEICO5KWUHVB84TCLV7BN"',
132 silly registry.get     'content-type': 'application/json',
132 silly registry.get     'cache-control': 'max-age=60',
132 silly registry.get     'content-length': '39085',
132 silly registry.get     'accept-ranges': 'bytes',
132 silly registry.get     via: '1.1 varnish',
132 silly registry.get     age: '0',
132 silly registry.get     'x-served-by': 'cache-ord1728-ORD',
132 silly registry.get     'x-cache': 'HIT',
132 silly registry.get     'x-cache-hits': '1',
132 silly registry.get     'x-timer': 'S1426080772.207815,VS0,VE28',
132 silly registry.get     vary: 'Accept',
132 silly registry.get     'keep-alive': 'timeout=10, max=50',
132 silly registry.get     connection: 'Keep-Alive' } ]
133 http 200 https://registry.npmjs.org/bootstrap
134 silly registry.get cb [ 200,
134 silly registry.get   { date: 'Wed, 11 Mar 2015 13:32:52 GMT',
134 silly registry.get     server: 'CouchDB/1.5.0 (Erlang OTP/R16B03)',
134 silly registry.get     etag: '"32QAXYK8AWL6JS3LQFWCYPYA9"',
134 silly registry.get     'content-type': 'application/json',
134 silly registry.get     'cache-control': 'max-age=60',
134 silly registry.get     'content-length': '21063',
134 silly registry.get     'accept-ranges': 'bytes',
134 silly registry.get     via: '1.1 varnish',
134 silly registry.get     age: '0',
134 silly registry.get     'x-served-by': 'cache-ord1720-ORD',
134 silly registry.get     'x-cache': 'HIT',
134 silly registry.get     'x-cache-hits': '1',
134 silly registry.get     'x-timer': 'S1426080772.243886,VS0,VE28',
134 silly registry.get     vary: 'Accept',
134 silly registry.get     'keep-alive': 'timeout=10, max=50',
134 silly registry.get     connection: 'Keep-Alive' } ]
135 http 200 https://registry.npmjs.org/angular-resource
136 silly registry.get cb [ 200,
136 silly registry.get   { date: 'Wed, 11 Mar 2015 13:32:52 GMT',
136 silly registry.get     server: 'CouchDB/1.5.0 (Erlang OTP/R16B03)',
136 silly registry.get     etag: '"6KI9LMKVWF6102Z201FVRA26C"',
136 silly registry.get     'content-type': 'application/json',
136 silly registry.get     'cache-control': 'max-age=60',
136 silly registry.get     'content-length': '38112',
136 silly registry.get     'accept-ranges': 'bytes',
136 silly registry.get     via: '1.1 varnish',
136 silly registry.get     age: '0',
136 silly registry.get     'x-served-by': 'cache-ord1727-ORD',
136 silly registry.get     'x-cache': 'MISS',
136 silly registry.get     'x-cache-hits': '0',
136 silly registry.get     'x-timer': 'S1426080772.241645,VS0,VE63',
136 silly registry.get     vary: 'Accept',
136 silly registry.get     'keep-alive': 'timeout=10, max=50',
136 silly registry.get     connection: 'Keep-Alive' } ]
137 http 304 https://registry.npmjs.org/angular
138 silly registry.get cb [ 304,
138 silly registry.get   { date: 'Wed, 11 Mar 2015 13:32:52 GMT',
138 silly registry.get     server: 'Apache',
138 silly registry.get     via: '1.1 varnish',
138 silly registry.get     'last-modified': 'Wed, 11 Mar 2015 13:32:52 GMT',
138 silly registry.get     'cache-control': 'max-age=60',
138 silly registry.get     etag: '"773V8YCRQOV02AEYMJMUAKDPX"',
138 silly registry.get     age: '0',
138 silly registry.get     'x-served-by': 'cache-ord1732-ORD',
138 silly registry.get     'x-cache': 'HIT',
138 silly registry.get     'x-cache-hits': '1',
138 silly registry.get     'x-timer': 'S1426080772.241463,VS0,VE65',
138 silly registry.get     vary: 'Accept',
138 silly registry.get     'content-length': '0',
138 silly registry.get     'keep-alive': 'timeout=10, max=50',
138 silly registry.get     connection: 'Keep-Alive' } ]
139 verbose etag https://registry.npmjs.org/angular from cache
140 http 200 https://registry.npmjs.org/jquery
141 silly registry.get cb [ 200,
141 silly registry.get   { date: 'Wed, 11 Mar 2015 13:32:52 GMT',
141 silly registry.get     server: 'CouchDB/1.5.0 (Erlang OTP/R16B03)',
141 silly registry.get     etag: '"8E59C625Z6T8P6FV7574ESXWQ"',
141 silly registry.get     'content-type': 'application/json',
141 silly registry.get     'cache-control': 'max-age=60',
141 silly registry.get     'content-length': '53050',
141 silly registry.get     'accept-ranges': 'bytes',
141 silly registry.get     via: '1.1 varnish',
141 silly registry.get     age: '27',
141 silly registry.get     'x-served-by': 'cache-ord1728-ORD',
141 silly registry.get     'x-cache': 'HIT',
141 silly registry.get     'x-cache-hits': '1',
141 silly registry.get     'x-timer': 'S1426080772.318397,VS0,VE0',
141 silly registry.get     vary: 'Accept',
141 silly registry.get     'keep-alive': 'timeout=10, max=49',
141 silly registry.get     connection: 'Keep-Alive' } ]
142 silly addNameRange number 2 { name: 'angular-mocks',
142 silly addNameRange   range: '>=1.3.13-0 <1.4.0-0',
142 silly addNameRange   hasData: true }
143 silly addNameRange versions [ 'angular-mocks',
143 silly addNameRange   [ '1.2.18',
143 silly addNameRange     '1.2.19',
143 silly addNameRange     '1.2.20',
143 silly addNameRange     '1.2.21',
143 silly addNameRange     '1.2.22',
143 silly addNameRange     '1.2.25',
143 silly addNameRange     '1.3.0-rc.5',
143 silly addNameRange     '1.3.0',
143 silly addNameRange     '1.3.1',
143 silly addNameRange     '1.3.2',
143 silly addNameRange     '1.3.3',
143 silly addNameRange     '1.3.4-build.3588',
143 silly addNameRange     '1.2.27',
143 silly addNameRange     '1.3.4',
143 silly addNameRange     '1.3.5',
143 silly addNameRange     '1.3.36',
143 silly addNameRange     '1.3.6',
143 silly addNameRange     '1.3.7',
143 silly addNameRange     '1.2.28',
143 silly addNameRange     '1.3.8',
143 silly addNameRange     '1.4.0-beta.0',
143 silly addNameRange     '1.3.9',
143 silly addNameRange     '1.3.10',
143 silly addNameRange     '1.4.0-beta.1',
143 silly addNameRange     '1.4.0-beta.2',
143 silly addNameRange     '1.3.11',
143 silly addNameRange     '1.4.0-beta.3',
143 silly addNameRange     '1.3.12',
143 silly addNameRange     '1.3.13',
143 silly addNameRange     '1.4.0-beta.4',
143 silly addNameRange     '1.3.14',
143 silly addNameRange     '1.4.0-beta.5' ] ]
144 verbose addNamed [ 'angular-mocks', '1.3.14' ]
145 verbose addNamed [ '1.3.14', '1.3.14' ]
146 silly lockFile d19cf05d-angular-mocks-1-3-14 angular-mocks@1.3.14
147 verbose lock angular-mocks@1.3.14 /home/ubuntu/.npm/d19cf05d-angular-mocks-1-3-14.lock
148 silly addNameRange number 2 { name: 'bootstrap', range: '>=3.3.2-0 <3.4.0-0', hasData: true }
149 silly addNameRange versions [ 'bootstrap',
149 silly addNameRange   [ '0.0.1', '0.0.2', '3.1.1', '3.2.0', '3.3.0', '3.3.1', '3.3.2' ] ]
150 verbose addNamed [ 'bootstrap', '3.3.2' ]
151 verbose addNamed [ '3.3.2', '3.3.2' ]
152 silly lockFile f16b9f02-bootstrap-3-3-2 bootstrap@3.3.2
153 verbose lock bootstrap@3.3.2 /home/ubuntu/.npm/f16b9f02-bootstrap-3-3-2.lock
154 silly addNameRange number 2 { name: 'jquery', range: '>=2.1.3-0 <2.2.0-0', hasData: true }
155 silly addNameRange versions [ 'jquery',
155 silly addNameRange   [ '1.5.1',
155 silly addNameRange     '1.6.2',
155 silly addNameRange     '1.6.3',
155 silly addNameRange     '1.7.2',
155 silly addNameRange     '1.7.3',
155 silly addNameRange     '1.8.2',
155 silly addNameRange     '1.8.3',
155 silly addNameRange     '2.1.0-beta2',
155 silly addNameRange     '2.1.0-beta3',
155 silly addNameRange     '1.11.0-beta3',
155 silly addNameRange     '1.11.0-rc1',
155 silly addNameRange     '2.1.0-rc1',
155 silly addNameRange     '1.11.0',
155 silly addNameRange     '2.1.0',
155 silly addNameRange     '2.1.1-beta1',
155 silly addNameRange     '1.11.1-beta1',
155 silly addNameRange     '2.1.1-rc1',
155 silly addNameRange     '1.11.1-rc1',
155 silly addNameRange     '2.1.1-rc2',
155 silly addNameRange     '1.11.1-rc2',
155 silly addNameRange     '2.1.1',
155 silly addNameRange     '1.11.1',
155 silly addNameRange     '1.9.1',
155 silly addNameRange     '2.1.2',
155 silly addNameRange     '1.11.2',
155 silly addNameRange     '2.1.3' ] ]
156 verbose addNamed [ 'jquery', '2.1.3' ]
157 verbose addNamed [ '2.1.3', '2.1.3' ]
158 silly lockFile 6fbd5787-jquery-2-1-3 jquery@2.1.3
159 verbose lock jquery@2.1.3 /home/ubuntu/.npm/6fbd5787-jquery-2-1-3.lock
160 silly addNameRange number 2 { name: 'angular', range: '>=1.3.13-0 <1.4.0-0', hasData: true }
161 silly addNameRange versions [ 'angular',
161 silly addNameRange   [ '0.0.1',
161 silly addNameRange     '0.0.1-1',
161 silly addNameRange     '0.0.1-2',
161 silly addNameRange     '0.0.2',
161 silly addNameRange     '0.0.3',
161 silly addNameRange     '0.0.4',
161 silly addNameRange     '1.0.0',
161 silly addNameRange     '1.0.1',
161 silly addNameRange     '1.0.2',
161 silly addNameRange     '1.0.3',
161 silly addNameRange     '1.0.4',
161 silly addNameRange     '1.0.5',
161 silly addNameRange     '1.0.6',
161 silly addNameRange     '1.0.7',
161 silly addNameRange     '1.0.8',
161 silly addNameRange     '1.1.0',
161 silly addNameRange     '1.1.1',
161 silly addNameRange     '1.1.2',
161 silly addNameRange     '1.1.3',
161 silly addNameRange     '1.1.4',
161 silly addNameRange     '1.1.5',
161 silly addNameRange     '1.2.0',
161 silly addNameRange     '1.2.1',
161 silly addNameRange     '1.2.2',
161 silly addNameRange     '1.2.3',
161 silly addNameRange     '1.2.4',
161 silly addNameRange     '1.2.5',
161 silly addNameRange     '1.2.6',
161 silly addNameRange     '1.2.7',
161 silly addNameRange     '1.2.8',
161 silly addNameRange     '1.2.9',
161 silly addNameRange     '1.2.10',
161 silly addNameRange     '1.2.11',
161 silly addNameRange     '1.2.12',
161 silly addNameRange     '1.2.13',
161 silly addNameRange     '1.2.14',
161 silly addNameRange     '1.2.15',
161 silly addNameRange     '1.2.16',
161 silly addNameRange     '1.2.17',
161 silly addNameRange     '1.2.18',
161 silly addNameRange     '1.2.19',
161 silly addNameRange     '1.2.20',
161 silly addNameRange     '1.2.21',
161 silly addNameRange     '1.2.22',
161 silly addNameRange     '1.2.23',
161 silly addNameRange     '1.3.0-rc.5',
161 silly addNameRange     '1.3.0',
161 silly addNameRange     '1.3.1',
161 silly addNameRange     '1.3.2',
161 silly addNameRange     '1.3.3',
161 silly addNameRange     '1.3.4-build.3588',
161 silly addNameRange     '1.2.27',
161 silly addNameRange     '1.3.4',
161 silly addNameRange     '1.3.5',
161 silly addNameRange     '1.3.36',
161 silly addNameRange     '1.3.6',
161 silly addNameRange     '1.3.7',
161 silly addNameRange     '1.2.28',
161 silly addNameRange     '1.3.8',
161 silly addNameRange     '1.4.0-beta.0',
161 silly addNameRange     '1.3.9',
161 silly addNameRange     '1.3.10',
161 silly addNameRange     '1.4.0-beta.1',
161 silly addNameRange     '1.4.0-beta.2',
161 silly addNameRange     '1.3.11',
161 silly addNameRange     '1.4.0-beta.3',
161 silly addNameRange     '1.3.12',
161 silly addNameRange     '1.3.13',
161 silly addNameRange     '1.4.0-beta.4',
161 silly addNameRange     '1.3.14',
161 silly addNameRange     '1.4.0-beta.5' ] ]
162 verbose addNamed [ 'angular', '1.3.14' ]
163 verbose addNamed [ '1.3.14', '1.3.14' ]
164 silly lockFile d51d9ea2-angular-1-3-14 angular@1.3.14
165 verbose lock angular@1.3.14 /home/ubuntu/.npm/d51d9ea2-angular-1-3-14.lock
166 silly lockFile b5286600-r-mocks-angular-mocks-1-3-14-tgz https://registry.npmjs.org/angular-mocks/-/angular-mocks-1.3.14.tgz
167 verbose lock https://registry.npmjs.org/angular-mocks/-/angular-mocks-1.3.14.tgz /home/ubuntu/.npm/b5286600-r-mocks-angular-mocks-1-3-14-tgz.lock
168 silly addNameRange number 2 { name: 'angular-resource',
168 silly addNameRange   range: '>=1.3.13-0 <1.4.0-0',
168 silly addNameRange   hasData: true }
169 silly addNameRange versions [ 'angular-resource',
169 silly addNameRange   [ '0.0.1',
169 silly addNameRange     '0.0.2',
169 silly addNameRange     '0.1.0',
169 silly addNameRange     '0.1.1',
169 silly addNameRange     '1.3.0-rc.5',
169 silly addNameRange     '1.3.0',
169 silly addNameRange     '1.3.1',
169 silly addNameRange     '1.3.2',
169 silly addNameRange     '1.3.3',
169 silly addNameRange     '1.3.4-build.3587',
169 silly addNameRange     '1.2.27',
169 silly addNameRange     '1.3.4',
169 silly addNameRange     '1.3.5',
169 silly addNameRange     '1.3.36',
169 silly addNameRange     '1.3.6',
169 silly addNameRange     '1.3.7',
169 silly addNameRange     '1.2.28',
169 silly addNameRange     '1.3.8',
169 silly addNameRange     '1.4.0-beta.0',
169 silly addNameRange     '1.3.9',
169 silly addNameRange     '1.3.10',
169 silly addNameRange     '1.4.0-beta.1',
169 silly addNameRange     '1.4.0-beta.2',
169 silly addNameRange     '1.3.11',
169 silly addNameRange     '1.4.0-beta.3',
169 silly addNameRange     '1.3.12',
169 silly addNameRange     '1.3.13',
169 silly addNameRange     '1.4.0-beta.4',
169 silly addNameRange     '1.3.14',
169 silly addNameRange     '1.4.0-beta.5' ] ]
170 verbose addNamed [ 'angular-resource', '1.3.14' ]
171 verbose addNamed [ '1.3.14', '1.3.14' ]
172 silly lockFile fac54bfb-angular-resource-1-3-14 angular-resource@1.3.14
173 verbose lock angular-resource@1.3.14 /home/ubuntu/.npm/fac54bfb-angular-resource-1-3-14.lock
174 verbose addRemoteTarball [ 'https://registry.npmjs.org/angular-mocks/-/angular-mocks-1.3.14.tgz',
174 verbose addRemoteTarball   '7ee55b20fcb1d16be00fe4ec9b50d1afb8fbf40d' ]
175 silly lockFile c79db5e2-urce-angular-resource-1-3-14-tgz https://registry.npmjs.org/angular-resource/-/angular-resource-1.3.14.tgz
176 verbose lock https://registry.npmjs.org/angular-resource/-/angular-resource-1.3.14.tgz /home/ubuntu/.npm/c79db5e2-urce-angular-resource-1-3-14-tgz.lock
177 verbose addRemoteTarball [ 'https://registry.npmjs.org/angular-resource/-/angular-resource-1.3.14.tgz',
177 verbose addRemoteTarball   '08448d782091380bc9df717123e4bbdd0fed2f3f' ]
178 silly lockFile f16b9f02-bootstrap-3-3-2 bootstrap@3.3.2
179 silly lockFile f16b9f02-bootstrap-3-3-2 bootstrap@3.3.2
180 info retry fetch attempt 1 at 13:32:52
181 verbose fetch to= /tmp/npm-12182-K8XulYlR/registry.npmjs.org/angular-mocks/-/angular-mocks-1.3.14.tgz
182 silly lockFile 58160a71-bootstrap-3-3-2 bootstrap@~3.3.2
183 silly lockFile 58160a71-bootstrap-3-3-2 bootstrap@~3.3.2
184 info retry fetch attempt 1 at 13:32:52
185 verbose fetch to= /tmp/npm-12182-K8XulYlR/registry.npmjs.org/angular-resource/-/angular-resource-1.3.14.tgz
186 http GET https://registry.npmjs.org/angular-mocks/-/angular-mocks-1.3.14.tgz
187 http GET https://registry.npmjs.org/angular-resource/-/angular-resource-1.3.14.tgz
188 silly lockFile 6fbd5787-jquery-2-1-3 jquery@2.1.3
189 silly lockFile 6fbd5787-jquery-2-1-3 jquery@2.1.3
190 silly lockFile f08518d6-jquery-2-1-3 jquery@~2.1.3
191 silly lockFile f08518d6-jquery-2-1-3 jquery@~2.1.3
192 silly lockFile d51d9ea2-angular-1-3-14 angular@1.3.14
193 silly lockFile d51d9ea2-angular-1-3-14 angular@1.3.14
194 silly lockFile cc1c0fc9-angular-1-3-13 angular@~1.3.13
195 silly lockFile cc1c0fc9-angular-1-3-13 angular@~1.3.13
196 http 200 https://registry.npmjs.org/toastr
197 silly registry.get cb [ 200,
197 silly registry.get   { date: 'Wed, 11 Mar 2015 13:32:52 GMT',
197 silly registry.get     server: 'CouchDB/1.5.0 (Erlang OTP/R16B03)',
197 silly registry.get     etag: '"F1U490U23SK26IQT5MEG0QZH6"',
197 silly registry.get     'content-type': 'application/json',
197 silly registry.get     'cache-control': 'max-age=60',
197 silly registry.get     'content-length': '8561',
197 silly registry.get     'accept-ranges': 'bytes',
197 silly registry.get     via: '1.1 varnish',
197 silly registry.get     age: '0',
197 silly registry.get     'x-served-by': 'cache-ord1731-ORD',
197 silly registry.get     'x-cache': 'MISS',
197 silly registry.get     'x-cache-hits': '0',
197 silly registry.get     'x-timer': 'S1426080772.243892,VS0,VE272',
197 silly registry.get     vary: 'Accept',
197 silly registry.get     'keep-alive': 'timeout=10, max=50',
197 silly registry.get     connection: 'Keep-Alive' } ]
198 silly addNameRange number 2 { name: 'toastr', range: '>=2.1.0-0 <2.2.0-0', hasData: true }
199 silly addNameRange versions [ 'toastr', [ '2.0.3', '2.0.4' ] ]
200 silly lockFile d4b3b7a9-toastr-2-1-0 toastr@~2.1.0
201 silly lockFile d4b3b7a9-toastr-2-1-0 toastr@~2.1.0
202 http 200 https://registry.npmjs.org/angular-resource/-/angular-resource-1.3.14.tgz
203 silly lockFile c79db5e2-urce-angular-resource-1-3-14-tgz https://registry.npmjs.org/angular-resource/-/angular-resource-1.3.14.tgz
204 silly lockFile c79db5e2-urce-angular-resource-1-3-14-tgz https://registry.npmjs.org/angular-resource/-/angular-resource-1.3.14.tgz
205 silly lockFile fac54bfb-angular-resource-1-3-14 angular-resource@1.3.14
206 silly lockFile fac54bfb-angular-resource-1-3-14 angular-resource@1.3.14
207 silly lockFile 4c90c41c-angular-resource-1-3-13 angular-resource@~1.3.13
208 silly lockFile 4c90c41c-angular-resource-1-3-13 angular-resource@~1.3.13
209 http 200 https://registry.npmjs.org/angular-mocks/-/angular-mocks-1.3.14.tgz
210 silly lockFile b5286600-r-mocks-angular-mocks-1-3-14-tgz https://registry.npmjs.org/angular-mocks/-/angular-mocks-1.3.14.tgz
211 silly lockFile b5286600-r-mocks-angular-mocks-1-3-14-tgz https://registry.npmjs.org/angular-mocks/-/angular-mocks-1.3.14.tgz
212 silly lockFile d19cf05d-angular-mocks-1-3-14 angular-mocks@1.3.14
213 silly lockFile d19cf05d-angular-mocks-1-3-14 angular-mocks@1.3.14
214 silly lockFile a3435abe-angular-mocks-1-3-13 angular-mocks@~1.3.13
215 silly lockFile a3435abe-angular-mocks-1-3-13 angular-mocks@~1.3.13
216 error notarget No compatible version found: toastr@'>=2.1.0-0 <2.2.0-0'
216 error notarget Valid install targets:
216 error notarget ["2.0.3","2.0.4"]
216 error notarget
216 error notarget This is most likely not a problem with npm itself.
216 error notarget In most cases you or one of your dependencies are requesting
216 error notarget a package version that doesn't exist.
217 error System Linux 3.14.13-c9
218 error command "/home/ubuntu/.nvm/v0.10.35/bin/node" "/home/ubuntu/.nvm/v0.10.35/bin/npm" "install"
219 error cwd /home/ubuntu/workspace
220 error node -v v0.10.35
221 error npm -v 1.4.28
222 error code ETARGET
223 verbose exit [ 1, true ]
